2020-03-01 14:58:08,676 INFO notifyConnectTimeout:200

2020-03-01 14:58:08,676 INFO notifySocketTimeout:8000

2020-03-01 14:58:08,676 INFO isHealthCheck:true

2020-03-01 14:58:08,676 INFO maxHealthCheckFailCount:12

2020-03-01 14:58:08,676 INFO maxContent:10485760

2020-03-01 14:58:11,453 INFO ServerListService address-server port:8848

2020-03-01 14:58:11,453 INFO ADDRESS_SERVER_URL:http://jmenv.tbsite.net:8080/nacos/serverlist

2020-03-01 14:58:11,453 WARN [serverlist] updated to [192.168.0.106]

2020-03-01 14:58:11,543 WARN DumpService start

2020-03-01 14:58:11,545 INFO start clear all config-info.

2020-03-01 14:58:11,551 WARN clear all config-info failed.

2020-03-01 14:58:11,551 WARN clear all config-info-tenant failed.

2020-03-01 14:58:11,616 INFO start clear all config-info-beta.

2020-03-01 14:58:11,617 WARN clear all config-info-beta failed.

2020-03-01 14:58:11,617 WARN clear all config-info-beta-tenant failed.

2020-03-01 14:58:11,626 INFO start clear all config-info-tag.

2020-03-01 14:58:11,627 WARN clear all config-info-tag failed.

2020-03-01 14:58:11,627 WARN clear all config-info-tag-tenant failed.

2020-03-01 20:35:35,429 INFO notifyConnectTimeout:200

2020-03-01 20:35:35,431 INFO notifySocketTimeout:8000

2020-03-01 20:35:35,431 INFO isHealthCheck:true

2020-03-01 20:35:35,431 INFO maxHealthCheckFailCount:12

2020-03-01 20:35:35,431 INFO maxContent:10485760

2020-03-01 20:35:36,059 INFO Schema 'NACOS' already exists.

2020-03-01 20:35:36,110 INFO Table/View 'CONFIG_INFO' already exists in Schema 'NACOS'.

2020-03-01 20:35:36,146 INFO Table/View 'HIS_CONFIG_INFO' already exists in Schema 'NACOS'.

2020-03-01 20:35:36,164 INFO Table/View 'CONFIG_INFO_BETA' already exists in Schema 'NACOS'.

2020-03-01 20:35:36,173 INFO Table/View 'CONFIG_INFO_TAG' already exists in Schema 'NACOS'.

2020-03-01 20:35:36,183 INFO Table/View 'CONFIG_INFO_AGGR' already exists in Schema 'NACOS'.

2020-03-01 20:35:36,193 INFO Table/View 'APP_LIST' already exists in Schema 'NACOS'.

2020-03-01 20:35:36,202 INFO Table/View 'APP_CONFIGDATA_RELATION_SUBS' already exists in Schema 'NACOS'.

2020-03-01 20:35:36,210 INFO Table/View 'APP_CONFIGDATA_RELATION_PUBS' already exists in Schema 'NACOS'.

2020-03-01 20:35:36,220 INFO Table/View 'CONFIG_TAGS_RELATION' already exists in Schema 'NACOS'.

2020-03-01 20:35:36,230 INFO Table/View 'GROUP_CAPACITY' already exists in Schema 'NACOS'.

2020-03-01 20:35:36,240 INFO Table/View 'TENANT_CAPACITY' already exists in Schema 'NACOS'.

2020-03-01 20:35:36,248 INFO Table/View 'TENANT_INFO' already exists in Schema 'NACOS'.

2020-03-01 20:35:36,259 INFO Table/View 'USERS' already exists in Schema 'NACOS'.

2020-03-01 20:35:36,267 INFO Table/View 'ROLES' already exists in Schema 'NACOS'.

2020-03-01 20:35:36,274 INFO Table/View 'PERMISSIONS' already exists in Schema 'NACOS'.

2020-03-01 20:35:36,357 INFO The statement was aborted because it would have caused a duplicate key value in a unique or primary key constraint or unique index identified by 'SQL200301145810040' defined on 'USERS'.

2020-03-01 20:35:36,361 INFO The statement was aborted because it would have caused a duplicate key value in a unique or primary key constraint or unique index identified by 'UK_USERNAME_ROLE' defined on 'ROLES'.

2020-03-01 20:35:37,547 INFO ServerListService address-server port:8848

2020-03-01 20:35:37,547 INFO ADDRESS_SERVER_URL:http://jmenv.tbsite.net:8080/nacos/serverlist

2020-03-01 20:35:37,548 WARN [serverlist] updated to [192.168.0.106]

2020-03-01 20:35:37,619 WARN DumpService start

2020-03-01 20:35:37,622 INFO start clear all config-info.

2020-03-01 20:35:37,627 WARN clear all config-info failed.

2020-03-01 20:35:37,628 WARN clear all config-info-tenant failed.

2020-03-01 20:35:37,762 INFO [all-dump] 1 / 1

2020-03-01 20:35:37,762 INFO start clear all config-info-beta.

2020-03-01 20:35:37,762 WARN clear all config-info-beta failed.

2020-03-01 20:35:37,762 WARN clear all config-info-beta-tenant failed.

2020-03-01 20:35:37,769 INFO start clear all config-info-tag.

2020-03-01 20:35:37,770 WARN clear all config-info-tag failed.

2020-03-01 20:35:37,770 WARN clear all config-info-tag-tenant failed.

