2020-03-01 16:48:00,761 INFO DEFAULT_GROUP@@example is changed, add it to push queue.

2020-03-01 16:58:05,831 INFO DEFAULT_GROUP@@example is changed, add it to push queue.

2020-03-01 16:58:20,984 INFO DEFAULT_GROUP@@example is changed, add it to push queue.

2020-03-01 16:59:56,307 INFO DEFAULT_GROUP@@example is changed, add it to push queue.

2020-03-01 17:02:41,028 INFO DEFAULT_GROUP@@example is changed, add it to push queue.

2020-03-01 17:02:56,045 INFO DEFAULT_GROUP@@example is changed, add it to push queue.

2020-03-01 17:08:32,387 INFO DEFAULT_GROUP@@service-provider is changed, add it to push queue.

2020-03-01 17:12:22,424 INFO DEFAULT_GROUP@@service-provider is changed, add it to push queue.

2020-03-01 17:12:37,438 INFO DEFAULT_GROUP@@service-provider is changed, add it to push queue.

2020-03-01 17:33:45,791 INFO DEFAULT_GROUP@@service-provider is changed, add it to push queue.

2020-03-01 17:47:32,868 INFO DEFAULT_GROUP@@service-provider is changed, add it to push queue.

2020-03-01 17:47:47,880 INFO DEFAULT_GROUP@@service-provider is changed, add it to push queue.

2020-03-01 17:52:43,671 INFO DEFAULT_GROUP@@service-provider is changed, add it to push queue.

2020-03-01 18:59:30,138 INFO DEFAULT_GROUP@@service-consumer is changed, add it to push queue.

2020-03-01 19:00:00,144 INFO DEFAULT_GROUP@@service-consumer is changed, add it to push queue.

2020-03-01 19:00:03,848 INFO DEFAULT_GROUP@@service-provider is changed, add it to push queue.

2020-03-01 19:00:15,159 INFO DEFAULT_GROUP@@service-consumer is changed, add it to push queue.

2020-03-01 19:00:18,854 INFO DEFAULT_GROUP@@service-provider is changed, add it to push queue.

2020-03-01 19:01:42,267 INFO DEFAULT_GROUP@@service-provider is changed, add it to push queue.

2020-03-01 19:02:03,905 INFO DEFAULT_GROUP@@service-consumer is changed, add it to push queue.

2020-03-01 19:07:30,262 INFO DEFAULT_GROUP@@service-consumer is changed, add it to push queue.

2020-03-01 19:07:33,953 INFO DEFAULT_GROUP@@service-provider is changed, add it to push queue.

2020-03-01 19:07:45,279 INFO DEFAULT_GROUP@@service-consumer is changed, add it to push queue.

2020-03-01 19:07:48,961 INFO DEFAULT_GROUP@@service-provider is changed, add it to push queue.

2020-03-01 19:40:55,886 INFO DEFAULT_GROUP@@service-provider is changed, add it to push queue.

2020-03-01 19:41:32,843 INFO DEFAULT_GROUP@@service-consumer is changed, add it to push queue.

2020-03-01 19:46:17,688 INFO DEFAULT_GROUP@@service-consumer is changed, add it to push queue.

2020-03-01 19:48:25,753 INFO DEFAULT_GROUP@@service-consumer is changed, add it to push queue.

2020-03-01 19:48:40,767 INFO DEFAULT_GROUP@@service-consumer is changed, add it to push queue.

2020-03-01 19:49:55,131 INFO DEFAULT_GROUP@@service-consumer is changed, add it to push queue.

2020-03-01 19:53:50,805 INFO DEFAULT_GROUP@@service-consumer is changed, add it to push queue.

2020-03-01 19:54:05,814 INFO DEFAULT_GROUP@@service-consumer is changed, add it to push queue.

2020-03-01 19:57:36,993 INFO DEFAULT_GROUP@@service-consumer is changed, add it to push queue.

2020-03-01 20:35:56,928 INFO DEFAULT_GROUP@@service-provider is changed, add it to push queue.

2020-03-01 20:38:11,204 INFO DEFAULT_GROUP@@service-consumer is changed, add it to push queue.

2020-03-01 20:40:01,899 INFO DEFAULT_GROUP@@service-provider is changed, add it to push queue.

2020-03-01 20:40:01,902 INFO serviceName: DEFAULT_GROUP@@service-provider changed, schedule push for: 192.168.0.106:63436, agent: Nacos-Java-Client:v1.1.4, key: 192.168.0.106,63436,455892759901300

2020-03-01 20:40:01,903 INFO send udp packet: 192.168.0.106,63436,455892759901300

2020-03-01 20:40:01,925 INFO received ack: {"type": "push-ack", "lastRefTime":"455892759901300", "data":""} from: 192.168.0.106:, cost: 63436 ms, unacked: 22, total push: 0

2020-03-01 20:40:16,564 INFO DEFAULT_GROUP@@service-provider is changed, add it to push queue.

2020-03-01 20:40:16,564 INFO serviceName: DEFAULT_GROUP@@service-provider changed, schedule push for: 192.168.0.106:63436, agent: Nacos-Java-Client:v1.1.4, key: 192.168.0.106,63436,455907424022100

2020-03-01 20:40:16,564 INFO send udp packet: 192.168.0.106,63436,455907424022100

2020-03-01 20:40:16,566 INFO received ack: {"type": "push-ack", "lastRefTime":"455907424022100", "data":""} from: 192.168.0.106:, cost: 63436 ms, unacked: 2, total push: 0

2020-03-01 20:40:21,562 INFO DEFAULT_GROUP@@service-provider is changed, add it to push queue.

2020-03-01 20:40:21,562 INFO serviceName: DEFAULT_GROUP@@service-provider changed, schedule push for: 192.168.0.106:63436, agent: Nacos-Java-Client:v1.1.4, key: 192.168.0.106,63436,455912421773600

2020-03-01 20:40:21,563 INFO send udp packet: 192.168.0.106,63436,455912421773600

2020-03-01 20:40:21,567 INFO received ack: {"type": "push-ack", "lastRefTime":"455912421773600", "data":""} from: 192.168.0.106:, cost: 63436 ms, unacked: 4, total push: 0

2020-03-01 20:42:46,926 INFO DEFAULT_GROUP@@service-provider is changed, add it to push queue.

2020-03-01 20:42:46,927 INFO serviceName: DEFAULT_GROUP@@service-provider changed, schedule push for: 192.168.0.106:63436, agent: Nacos-Java-Client:v1.1.4, key: 192.168.0.106,63436,456057786697400

2020-03-01 20:42:46,927 INFO send udp packet: 192.168.0.106,63436,456057786697400

2020-03-01 20:42:46,928 INFO received ack: {"type": "push-ack", "lastRefTime":"456057786697400", "data":""} from: 192.168.0.106:, cost: 63436 ms, unacked: 1, total push: 0

2020-03-01 20:42:53,177 INFO DEFAULT_GROUP@@service-provider is changed, add it to push queue.

2020-03-01 20:42:53,177 INFO serviceName: DEFAULT_GROUP@@service-provider changed, schedule push for: 192.168.0.106:63436, agent: Nacos-Java-Client:v1.1.4, key: 192.168.0.106,63436,456064036425600

2020-03-01 20:42:53,177 INFO send udp packet: 192.168.0.106,63436,456064036425600

2020-03-01 20:42:53,178 INFO received ack: {"type": "push-ack", "lastRefTime":"456064036425600", "data":""} from: 192.168.0.106:, cost: 63436 ms, unacked: 1, total push: 0

2020-03-01 20:42:58,177 INFO DEFAULT_GROUP@@service-provider is changed, add it to push queue.

2020-03-01 20:42:58,178 INFO serviceName: DEFAULT_GROUP@@service-provider changed, schedule push for: 192.168.0.106:63436, agent: Nacos-Java-Client:v1.1.4, key: 192.168.0.106,63436,456069036918100

2020-03-01 20:42:58,178 INFO send udp packet: 192.168.0.106,63436,456069036918100

2020-03-01 20:42:58,184 INFO received ack: {"type": "push-ack", "lastRefTime":"456069036918100", "data":""} from: 192.168.0.106:, cost: 63436 ms, unacked: 6, total push: 0

2020-03-01 20:44:06,937 INFO DEFAULT_GROUP@@service-provider is changed, add it to push queue.

2020-03-01 20:44:11,272 INFO DEFAULT_GROUP@@service-consumer is changed, add it to push queue.

2020-03-01 20:44:22,172 INFO DEFAULT_GROUP@@service-provider is changed, add it to push queue.

2020-03-01 20:44:26,284 INFO DEFAULT_GROUP@@service-consumer is changed, add it to push queue.

2020-03-01 20:45:31,320 INFO DEFAULT_GROUP@@service-provider is changed, add it to push queue.

2020-03-01 20:45:39,939 INFO DEFAULT_GROUP@@service-consumer is changed, add it to push queue.

2020-03-01 21:02:56,476 INFO DEFAULT_GROUP@@service-consumer is changed, add it to push queue.

2020-03-01 21:03:02,356 INFO DEFAULT_GROUP@@service-provider is changed, add it to push queue.

2020-03-01 21:03:11,488 INFO DEFAULT_GROUP@@service-consumer is changed, add it to push queue.

2020-03-01 21:03:17,367 INFO DEFAULT_GROUP@@service-provider is changed, add it to push queue.

