2020-03-01 14:58:41,657 INFO PERFORMANCE:|0|0|-1|-1

2020-03-01 15:03:41,661 INFO PERFORMANCE:|0|0|-1|-1

2020-03-01 15:08:41,665 INFO PERFORMANCE:|0|0|-1|-1

2020-03-01 15:13:41,665 INFO PERFORMANCE:|0|0|-1|-1

2020-03-01 15:18:41,676 INFO PERFORMANCE:|0|0|-1|-1

2020-03-01 15:23:41,679 INFO PERFORMANCE:|0|0|-1|-1

2020-03-01 15:28:41,686 INFO PERFORMANCE:|0|0|-1|-1

2020-03-01 15:33:41,689 INFO PERFORMANCE:|0|0|-1|-1

2020-03-01 15:38:41,691 INFO PERFORMANCE:|0|0|-1|-1

2020-03-01 15:43:41,693 INFO PERFORMANCE:|0|0|-1|-1

2020-03-01 15:48:41,694 INFO PERFORMANCE:|0|0|-1|-1

2020-03-01 15:53:41,696 INFO PERFORMANCE:|0|0|-1|-1

2020-03-01 15:58:41,697 INFO PERFORMANCE:|0|0|-1|-1

2020-03-01 16:03:41,707 INFO PERFORMANCE:|0|0|-1|-1

2020-03-01 16:08:41,708 INFO PERFORMANCE:|0|0|-1|-1

2020-03-01 16:13:41,709 INFO PERFORMANCE:|0|0|-1|-1

2020-03-01 16:18:41,711 INFO PERFORMANCE:|0|0|-1|-1

2020-03-01 16:23:41,712 INFO PERFORMANCE:|0|0|-1|-1

2020-03-01 16:28:41,714 INFO PERFORMANCE:|0|0|-1|-1

2020-03-01 16:33:41,716 INFO PERFORMANCE:|0|0|-1|-1

2020-03-01 16:38:41,717 INFO PERFORMANCE:|0|0|-1|-1

2020-03-01 16:43:41,719 INFO PERFORMANCE:|0|0|-1|-1

2020-03-01 16:48:41,720 INFO PERFORMANCE:|1|1|-1|-1

2020-03-01 16:53:41,721 INFO PERFORMANCE:|1|1|-1|-1

2020-03-01 16:58:41,723 INFO PERFORMANCE:|1|0|-1|-1

2020-03-01 17:03:41,724 INFO PERFORMANCE:|1|0|-1|-1

2020-03-01 17:08:41,725 INFO PERFORMANCE:|2|1|-1|-1

2020-03-01 17:13:41,727 INFO PERFORMANCE:|2|0|-1|-1

2020-03-01 17:18:41,728 INFO PERFORMANCE:|2|0|-1|-1

2020-03-01 17:23:41,729 INFO PERFORMANCE:|2|0|-1|-1

2020-03-01 17:28:41,731 INFO PERFORMANCE:|2|0|-1|-1

2020-03-01 17:33:41,732 INFO PERFORMANCE:|2|0|-1|-1

2020-03-01 17:38:41,734 INFO PERFORMANCE:|2|1|-1|-1

2020-03-01 17:43:41,736 INFO PERFORMANCE:|2|1|-1|-1

2020-03-01 17:48:41,736 INFO PERFORMANCE:|2|0|-1|-1

2020-03-01 17:53:41,737 INFO PERFORMANCE:|2|1|-1|-1

2020-03-01 17:58:41,737 INFO PERFORMANCE:|2|1|-1|-1

2020-03-01 18:03:41,738 INFO PERFORMANCE:|2|1|-1|-1

2020-03-01 18:08:41,740 INFO PERFORMANCE:|2|1|-1|-1

2020-03-01 18:13:41,741 INFO PERFORMANCE:|2|1|-1|-1

2020-03-01 18:18:41,743 INFO PERFORMANCE:|2|1|-1|-1

2020-03-01 18:23:41,744 INFO PERFORMANCE:|2|1|-1|-1

2020-03-01 18:28:36,685 INFO PERFORMANCE:|2|1|-1|-1

2020-03-01 18:33:36,686 INFO PERFORMANCE:|2|1|-1|-1

2020-03-01 18:38:36,688 INFO PERFORMANCE:|2|1|-1|-1

2020-03-01 18:43:36,689 INFO PERFORMANCE:|2|1|-1|-1

2020-03-01 18:48:36,691 INFO PERFORMANCE:|2|1|-1|-1

2020-03-01 18:53:36,692 INFO PERFORMANCE:|2|1|-1|-1

2020-03-01 18:58:36,693 INFO PERFORMANCE:|2|1|-1|-1

2020-03-01 19:03:36,695 INFO PERFORMANCE:|3|2|-1|-1

2020-03-01 19:08:36,696 INFO PERFORMANCE:|3|0|-1|-1

2020-03-01 19:13:36,697 INFO PERFORMANCE:|3|0|-1|-1

2020-03-01 19:18:36,700 INFO PERFORMANCE:|3|0|-1|-1

2020-03-01 19:23:36,701 INFO PERFORMANCE:|3|0|-1|-1

2020-03-01 19:28:36,702 INFO PERFORMANCE:|3|0|-1|-1

2020-03-01 19:33:36,703 INFO PERFORMANCE:|3|0|-1|-1

2020-03-01 19:38:36,704 INFO PERFORMANCE:|3|0|-1|-1

2020-03-01 19:43:36,704 INFO PERFORMANCE:|3|2|-1|-1

2020-03-01 19:48:36,706 INFO PERFORMANCE:|3|2|-1|-1

2020-03-01 19:53:36,708 INFO PERFORMANCE:|3|2|-1|-1

2020-03-01 19:58:36,709 INFO PERFORMANCE:|3|2|-1|-1

2020-03-01 20:36:07,966 INFO PERFORMANCE:|1|1|-1|-1

2020-03-01 20:41:07,967 INFO PERFORMANCE:|2|2|-1|-1

2020-03-01 20:46:07,968 INFO PERFORMANCE:|2|2|-1|-1

2020-03-01 20:51:07,969 INFO PERFORMANCE:|2|2|-1|-1

2020-03-01 20:56:07,971 INFO PERFORMANCE:|2|2|-1|-1

2020-03-01 21:01:07,973 INFO PERFORMANCE:|2|2|-1|-1

2020-03-01 21:06:07,974 INFO PERFORMANCE:|2|0|-1|-1

2020-03-01 21:11:07,975 INFO PERFORMANCE:|2|0|-1|-1

2020-03-01 21:16:07,976 INFO PERFORMANCE:|2|0|-1|-1

2020-03-01 21:38:48,500 INFO PERFORMANCE:|2|0|-1|-1

2020-03-01 21:43:48,501 INFO PERFORMANCE:|2|0|-1|-1

2020-03-01 21:48:48,504 INFO PERFORMANCE:|2|0|-1|-1

2020-03-01 21:53:48,504 INFO PERFORMANCE:|2|0|-1|-1

2020-03-01 21:58:48,506 INFO PERFORMANCE:|2|0|-1|-1

2020-03-01 22:03:48,507 INFO PERFORMANCE:|2|0|-1|-1

2020-03-01 22:08:48,509 INFO PERFORMANCE:|2|0|-1|-1

2020-03-01 22:13:48,511 INFO PERFORMANCE:|2|0|-1|-1

2020-03-01 22:18:48,512 INFO PERFORMANCE:|2|0|-1|-1

2020-03-01 22:23:48,513 INFO PERFORMANCE:|2|0|-1|-1

2020-03-01 22:28:48,513 INFO PERFORMANCE:|2|0|-1|-1

2020-03-01 22:33:48,515 INFO PERFORMANCE:|2|0|-1|-1

2020-03-01 22:38:48,516 INFO PERFORMANCE:|2|0|-1|-1

2020-03-01 22:43:48,517 INFO PERFORMANCE:|2|0|-1|-1

2020-03-01 22:48:48,519 INFO PERFORMANCE:|2|0|-1|-1

2020-03-01 22:53:48,520 INFO PERFORMANCE:|2|0|-1|-1

2020-03-01 22:58:48,522 INFO PERFORMANCE:|2|0|-1|-1

2020-03-01 23:03:48,523 INFO PERFORMANCE:|2|0|-1|-1

2020-03-01 23:08:48,525 INFO PERFORMANCE:|2|0|-1|-1

2020-03-01 23:13:48,527 INFO PERFORMANCE:|2|0|-1|-1

2020-03-01 23:18:48,529 INFO PERFORMANCE:|2|0|-1|-1

2020-03-01 23:23:48,529 INFO PERFORMANCE:|2|0|-1|-1

